/*C21*/SET SCHEMA PUBLIC
drop table domain_event_entry if exists
drop table snapshot_event_entry if exists
create table domain_event_entry (global_index bigint generated by default as identity (start with 1), event_identifier varchar(255) not null, meta_data blob(255), payload blob(255) not null, payload_revision varchar(255), payload_type varchar(255) not null, time_stamp varchar(255) not null, aggregate_identifier varchar(255) not null, sequence_number bigint not null, type varchar(255) not null, primary key (global_index))
create table snapshot_event_entry (aggregate_identifier varchar(255) not null, sequence_number bigint not null, type varchar(255) not null, event_identifier varchar(255) not null, meta_data blob(255), payload blob(255) not null, payload_revision varchar(255), payload_type varchar(255) not null, time_stamp varchar(255) not null, primary key (aggregate_identifier, sequence_number, type))
alter table domain_event_entry add constraint UK8s1f994p4la2ipb13me2xqm1w unique (aggregate_identifier, sequence_number)
alter table domain_event_entry add constraint UK_fwe6lsa8bfo6hyas6ud3m8c7x unique (event_identifier)
alter table snapshot_event_entry add constraint UK_e1uucjseo68gopmnd0vgdl44h unique (event_identifier)
/*C1*/SET SCHEMA SYSTEM_LOBS
INSERT INTO LOB_IDS VALUES(261,12,0,30)
ALTER SEQUENCE SYSTEM_LOBS.LOB_ID RESTART WITH 262
COMMIT
DELETE FROM BLOCKS WHERE BLOCK_ADDR=260
INSERT INTO BLOCKS VALUES(260,1,0)
INSERT INTO BLOCKS VALUES(261,2147483386,0)
DELETE FROM BLOCKS WHERE BLOCK_ADDR=260
INSERT INTO LOBS VALUES(260,1,0,261)
COMMIT
INSERT INTO LOB_IDS VALUES(262,150,0,30)
ALTER SEQUENCE SYSTEM_LOBS.LOB_ID RESTART WITH 263
COMMIT
DELETE FROM BLOCKS WHERE BLOCK_ADDR=261
INSERT INTO BLOCKS VALUES(261,1,0)
INSERT INTO BLOCKS VALUES(262,2147483385,0)
DELETE FROM BLOCKS WHERE BLOCK_ADDR=261
INSERT INTO LOBS VALUES(261,1,0,262)
COMMIT
/*C21*/INSERT INTO DOMAIN_EVENT_ENTRY VALUES(1,'ee98cabc-7b78-4848-8f85-07c14d3f6d51',261,262,NULL,'com.thoughtworks.domain.event.CartInitializedEvent','2017-01-18T09:07:40.981Z','dd0db8db-e83b-499d-8735-b65e6b11afe4',0,'Cart')
SET SCHEMA SYSTEM_LOBS
DELETE FROM LOB_IDS WHERE LOB_ID=261
INSERT INTO LOB_IDS VALUES(261,12,1,30)
DELETE FROM LOB_IDS WHERE LOB_ID=262
INSERT INTO LOB_IDS VALUES(262,150,1,30)
COMMIT
/*C1*/INSERT INTO LOB_IDS VALUES(263,12,0,30)
ALTER SEQUENCE SYSTEM_LOBS.LOB_ID RESTART WITH 264
COMMIT
DELETE FROM BLOCKS WHERE BLOCK_ADDR=262
INSERT INTO BLOCKS VALUES(262,1,0)
INSERT INTO BLOCKS VALUES(263,2147483384,0)
DELETE FROM BLOCKS WHERE BLOCK_ADDR=262
INSERT INTO LOBS VALUES(262,1,0,263)
COMMIT
INSERT INTO LOB_IDS VALUES(264,188,0,30)
ALTER SEQUENCE SYSTEM_LOBS.LOB_ID RESTART WITH 265
COMMIT
DELETE FROM BLOCKS WHERE BLOCK_ADDR=263
INSERT INTO BLOCKS VALUES(263,1,0)
INSERT INTO BLOCKS VALUES(264,2147483383,0)
DELETE FROM BLOCKS WHERE BLOCK_ADDR=263
INSERT INTO LOBS VALUES(263,1,0,264)
COMMIT
/*C21*/SET SCHEMA PUBLIC
INSERT INTO DOMAIN_EVENT_ENTRY VALUES(2,'bcb74fc5-9a2a-4690-bc0a-b157241ebeb9',263,264,NULL,'com.thoughtworks.domain.event.ItemAddedEvent','2017-01-18T09:08:12.980Z','dd0db8db-e83b-499d-8735-b65e6b11afe4',1,'Cart')
SET SCHEMA SYSTEM_LOBS
DELETE FROM LOB_IDS WHERE LOB_ID=263
INSERT INTO LOB_IDS VALUES(263,12,1,30)
DELETE FROM LOB_IDS WHERE LOB_ID=264
INSERT INTO LOB_IDS VALUES(264,188,1,30)
COMMIT
/*C1*/INSERT INTO LOB_IDS VALUES(265,12,0,30)
ALTER SEQUENCE SYSTEM_LOBS.LOB_ID RESTART WITH 266
COMMIT
DELETE FROM BLOCKS WHERE BLOCK_ADDR=264
INSERT INTO BLOCKS VALUES(264,1,0)
INSERT INTO BLOCKS VALUES(265,2147483382,0)
DELETE FROM BLOCKS WHERE BLOCK_ADDR=264
INSERT INTO LOBS VALUES(264,1,0,265)
COMMIT
INSERT INTO LOB_IDS VALUES(266,290,0,30)
ALTER SEQUENCE SYSTEM_LOBS.LOB_ID RESTART WITH 267
COMMIT
DELETE FROM BLOCKS WHERE BLOCK_ADDR=265
INSERT INTO BLOCKS VALUES(265,1,0)
INSERT INTO BLOCKS VALUES(266,2147483381,0)
DELETE FROM BLOCKS WHERE BLOCK_ADDR=265
INSERT INTO LOBS VALUES(265,1,0,266)
COMMIT
/*C21*/SET SCHEMA PUBLIC
INSERT INTO DOMAIN_EVENT_ENTRY VALUES(3,'35d31a4a-8970-452a-82d7-9bdf738322a9',265,266,NULL,'com.thoughtworks.domain.event.CartCheckoutEvent','2017-01-18T09:08:42.838Z','dd0db8db-e83b-499d-8735-b65e6b11afe4',2,'Cart')
SET SCHEMA SYSTEM_LOBS
DELETE FROM LOB_IDS WHERE LOB_ID=265
INSERT INTO LOB_IDS VALUES(265,12,1,30)
DELETE FROM LOB_IDS WHERE LOB_ID=266
INSERT INTO LOB_IDS VALUES(266,290,1,30)
COMMIT
/*C1*/INSERT INTO LOB_IDS VALUES(267,12,0,30)
ALTER SEQUENCE SYSTEM_LOBS.LOB_ID RESTART WITH 268
COMMIT
DELETE FROM BLOCKS WHERE BLOCK_ADDR=266
INSERT INTO BLOCKS VALUES(266,1,0)
INSERT INTO BLOCKS VALUES(267,2147483380,0)
DELETE FROM BLOCKS WHERE BLOCK_ADDR=266
INSERT INTO LOBS VALUES(266,1,0,267)
COMMIT
INSERT INTO LOB_IDS VALUES(268,290,0,30)
ALTER SEQUENCE SYSTEM_LOBS.LOB_ID RESTART WITH 269
COMMIT
DELETE FROM BLOCKS WHERE BLOCK_ADDR=267
INSERT INTO BLOCKS VALUES(267,1,0)
INSERT INTO BLOCKS VALUES(268,2147483379,0)
DELETE FROM BLOCKS WHERE BLOCK_ADDR=267
INSERT INTO LOBS VALUES(267,1,0,268)
COMMIT
/*C21*/SET SCHEMA PUBLIC
INSERT INTO DOMAIN_EVENT_ENTRY VALUES(4,'81293168-0f56-4d72-9997-04a4147cd8e6',267,268,NULL,'com.thoughtworks.domain.event.CartCheckoutEvent','2017-01-18T09:18:43.998Z','dd0db8db-e83b-499d-8735-b65e6b11afe4',3,'Cart')
SET SCHEMA SYSTEM_LOBS
DELETE FROM LOB_IDS WHERE LOB_ID=267
INSERT INTO LOB_IDS VALUES(267,12,1,30)
DELETE FROM LOB_IDS WHERE LOB_ID=268
INSERT INTO LOB_IDS VALUES(268,290,1,30)
COMMIT
/*C1*/INSERT INTO LOB_IDS VALUES(269,12,0,30)
ALTER SEQUENCE SYSTEM_LOBS.LOB_ID RESTART WITH 270
COMMIT
DELETE FROM BLOCKS WHERE BLOCK_ADDR=268
INSERT INTO BLOCKS VALUES(268,1,0)
INSERT INTO BLOCKS VALUES(269,2147483378,0)
DELETE FROM BLOCKS WHERE BLOCK_ADDR=268
INSERT INTO LOBS VALUES(268,1,0,269)
COMMIT
INSERT INTO LOB_IDS VALUES(270,290,0,30)
ALTER SEQUENCE SYSTEM_LOBS.LOB_ID RESTART WITH 271
COMMIT
DELETE FROM BLOCKS WHERE BLOCK_ADDR=269
INSERT INTO BLOCKS VALUES(269,1,0)
INSERT INTO BLOCKS VALUES(270,2147483377,0)
DELETE FROM BLOCKS WHERE BLOCK_ADDR=269
INSERT INTO LOBS VALUES(269,1,0,270)
COMMIT
/*C21*/SET SCHEMA PUBLIC
INSERT INTO DOMAIN_EVENT_ENTRY VALUES(5,'dd3a9215-5ab9-4882-a60c-c4014db9a194',269,270,NULL,'com.thoughtworks.domain.event.CartCheckoutEvent','2017-01-18T09:23:17.775Z','dd0db8db-e83b-499d-8735-b65e6b11afe4',4,'Cart')
SET SCHEMA SYSTEM_LOBS
DELETE FROM LOB_IDS WHERE LOB_ID=269
INSERT INTO LOB_IDS VALUES(269,12,1,30)
DELETE FROM LOB_IDS WHERE LOB_ID=270
INSERT INTO LOB_IDS VALUES(270,290,1,30)
COMMIT
/*C1*/INSERT INTO LOB_IDS VALUES(271,12,0,30)
ALTER SEQUENCE SYSTEM_LOBS.LOB_ID RESTART WITH 272
COMMIT
DELETE FROM BLOCKS WHERE BLOCK_ADDR=270
INSERT INTO BLOCKS VALUES(270,1,0)
INSERT INTO BLOCKS VALUES(271,2147483376,0)
DELETE FROM BLOCKS WHERE BLOCK_ADDR=270
INSERT INTO LOBS VALUES(270,1,0,271)
COMMIT
INSERT INTO LOB_IDS VALUES(272,290,0,30)
ALTER SEQUENCE SYSTEM_LOBS.LOB_ID RESTART WITH 273
COMMIT
DELETE FROM BLOCKS WHERE BLOCK_ADDR=271
INSERT INTO BLOCKS VALUES(271,1,0)
INSERT INTO BLOCKS VALUES(272,2147483375,0)
DELETE FROM BLOCKS WHERE BLOCK_ADDR=271
INSERT INTO LOBS VALUES(271,1,0,272)
COMMIT
/*C21*/SET SCHEMA PUBLIC
INSERT INTO DOMAIN_EVENT_ENTRY VALUES(6,'b61a50c0-1b73-4b4c-8c8a-137e51282673',271,272,NULL,'com.thoughtworks.domain.event.CartCheckoutEvent','2017-01-18T09:28:28.606Z','dd0db8db-e83b-499d-8735-b65e6b11afe4',5,'Cart')
SET SCHEMA SYSTEM_LOBS
DELETE FROM LOB_IDS WHERE LOB_ID=271
INSERT INTO LOB_IDS VALUES(271,12,1,30)
DELETE FROM LOB_IDS WHERE LOB_ID=272
INSERT INTO LOB_IDS VALUES(272,290,1,30)
COMMIT
/*C1*/INSERT INTO LOB_IDS VALUES(273,12,0,30)
ALTER SEQUENCE SYSTEM_LOBS.LOB_ID RESTART WITH 274
COMMIT
DELETE FROM BLOCKS WHERE BLOCK_ADDR=272
INSERT INTO BLOCKS VALUES(272,1,0)
INSERT INTO BLOCKS VALUES(273,2147483374,0)
DELETE FROM BLOCKS WHERE BLOCK_ADDR=272
INSERT INTO LOBS VALUES(272,1,0,273)
COMMIT
INSERT INTO LOB_IDS VALUES(274,290,0,30)
ALTER SEQUENCE SYSTEM_LOBS.LOB_ID RESTART WITH 275
COMMIT
DELETE FROM BLOCKS WHERE BLOCK_ADDR=273
INSERT INTO BLOCKS VALUES(273,1,0)
INSERT INTO BLOCKS VALUES(274,2147483373,0)
DELETE FROM BLOCKS WHERE BLOCK_ADDR=273
INSERT INTO LOBS VALUES(273,1,0,274)
COMMIT
/*C21*/SET SCHEMA PUBLIC
INSERT INTO DOMAIN_EVENT_ENTRY VALUES(7,'225cb2aa-3fc5-4a5e-b231-35a13e5823f3',273,274,NULL,'com.thoughtworks.domain.event.CartCheckoutEvent','2017-01-18T09:29:02.085Z','dd0db8db-e83b-499d-8735-b65e6b11afe4',6,'Cart')
SET SCHEMA SYSTEM_LOBS
DELETE FROM LOB_IDS WHERE LOB_ID=273
INSERT INTO LOB_IDS VALUES(273,12,1,30)
DELETE FROM LOB_IDS WHERE LOB_ID=274
INSERT INTO LOB_IDS VALUES(274,290,1,30)
COMMIT
/*C1*/INSERT INTO LOB_IDS VALUES(275,12,0,30)
ALTER SEQUENCE SYSTEM_LOBS.LOB_ID RESTART WITH 276
COMMIT
DELETE FROM BLOCKS WHERE BLOCK_ADDR=274
INSERT INTO BLOCKS VALUES(274,1,0)
INSERT INTO BLOCKS VALUES(275,2147483372,0)
DELETE FROM BLOCKS WHERE BLOCK_ADDR=274
INSERT INTO LOBS VALUES(274,1,0,275)
COMMIT
INSERT INTO LOB_IDS VALUES(276,290,0,30)
ALTER SEQUENCE SYSTEM_LOBS.LOB_ID RESTART WITH 277
COMMIT
DELETE FROM BLOCKS WHERE BLOCK_ADDR=275
INSERT INTO BLOCKS VALUES(275,1,0)
INSERT INTO BLOCKS VALUES(276,2147483371,0)
DELETE FROM BLOCKS WHERE BLOCK_ADDR=275
INSERT INTO LOBS VALUES(275,1,0,276)
COMMIT
/*C21*/SET SCHEMA PUBLIC
INSERT INTO DOMAIN_EVENT_ENTRY VALUES(8,'edcd7632-1065-4b95-b18a-df0e383fb3f0',275,276,NULL,'com.thoughtworks.domain.event.CartCheckoutEvent','2017-01-18T09:31:33.453Z','dd0db8db-e83b-499d-8735-b65e6b11afe4',7,'Cart')
SET SCHEMA SYSTEM_LOBS
DELETE FROM LOB_IDS WHERE LOB_ID=275
INSERT INTO LOB_IDS VALUES(275,12,1,30)
DELETE FROM LOB_IDS WHERE LOB_ID=276
INSERT INTO LOB_IDS VALUES(276,290,1,30)
COMMIT
/*C1*/INSERT INTO LOB_IDS VALUES(277,12,0,30)
ALTER SEQUENCE SYSTEM_LOBS.LOB_ID RESTART WITH 278
COMMIT
DELETE FROM BLOCKS WHERE BLOCK_ADDR=276
INSERT INTO BLOCKS VALUES(276,1,0)
INSERT INTO BLOCKS VALUES(277,2147483370,0)
DELETE FROM BLOCKS WHERE BLOCK_ADDR=276
INSERT INTO LOBS VALUES(276,1,0,277)
COMMIT
INSERT INTO LOB_IDS VALUES(278,290,0,30)
ALTER SEQUENCE SYSTEM_LOBS.LOB_ID RESTART WITH 279
COMMIT
DELETE FROM BLOCKS WHERE BLOCK_ADDR=277
INSERT INTO BLOCKS VALUES(277,1,0)
INSERT INTO BLOCKS VALUES(278,2147483369,0)
DELETE FROM BLOCKS WHERE BLOCK_ADDR=277
INSERT INTO LOBS VALUES(277,1,0,278)
COMMIT
/*C21*/SET SCHEMA PUBLIC
INSERT INTO DOMAIN_EVENT_ENTRY VALUES(9,'8789a829-11bf-4fd1-9474-482f977afe4d',277,278,NULL,'com.thoughtworks.domain.event.CartCheckoutEvent','2017-01-18T09:34:37.097Z','dd0db8db-e83b-499d-8735-b65e6b11afe4',8,'Cart')
SET SCHEMA SYSTEM_LOBS
DELETE FROM LOB_IDS WHERE LOB_ID=277
INSERT INTO LOB_IDS VALUES(277,12,1,30)
DELETE FROM LOB_IDS WHERE LOB_ID=278
INSERT INTO LOB_IDS VALUES(278,290,1,30)
COMMIT
/*C1*/INSERT INTO LOB_IDS VALUES(279,12,0,30)
ALTER SEQUENCE SYSTEM_LOBS.LOB_ID RESTART WITH 280
COMMIT
DELETE FROM BLOCKS WHERE BLOCK_ADDR=278
INSERT INTO BLOCKS VALUES(278,1,0)
INSERT INTO BLOCKS VALUES(279,2147483368,0)
DELETE FROM BLOCKS WHERE BLOCK_ADDR=278
INSERT INTO LOBS VALUES(278,1,0,279)
COMMIT
INSERT INTO LOB_IDS VALUES(280,150,0,30)
ALTER SEQUENCE SYSTEM_LOBS.LOB_ID RESTART WITH 281
COMMIT
DELETE FROM BLOCKS WHERE BLOCK_ADDR=279
INSERT INTO BLOCKS VALUES(279,1,0)
INSERT INTO BLOCKS VALUES(280,2147483367,0)
DELETE FROM BLOCKS WHERE BLOCK_ADDR=279
INSERT INTO LOBS VALUES(279,1,0,280)
COMMIT
/*C21*/SET SCHEMA PUBLIC
INSERT INTO DOMAIN_EVENT_ENTRY VALUES(10,'0450621e-9175-4542-ae5c-c93bca22faee',279,280,NULL,'com.thoughtworks.domain.event.CartInitializedEvent','2017-01-18T09:53:53.536Z','d5ca6013-5c5d-4327-a225-12948ce61766',0,'Cart')
SET SCHEMA SYSTEM_LOBS
DELETE FROM LOB_IDS WHERE LOB_ID=279
INSERT INTO LOB_IDS VALUES(279,12,1,30)
DELETE FROM LOB_IDS WHERE LOB_ID=280
INSERT INTO LOB_IDS VALUES(280,150,1,30)
COMMIT
/*C1*/INSERT INTO LOB_IDS VALUES(281,12,0,30)
ALTER SEQUENCE SYSTEM_LOBS.LOB_ID RESTART WITH 282
COMMIT
DELETE FROM BLOCKS WHERE BLOCK_ADDR=280
INSERT INTO BLOCKS VALUES(280,1,0)
INSERT INTO BLOCKS VALUES(281,2147483366,0)
DELETE FROM BLOCKS WHERE BLOCK_ADDR=280
INSERT INTO LOBS VALUES(280,1,0,281)
COMMIT
INSERT INTO LOB_IDS VALUES(282,188,0,30)
ALTER SEQUENCE SYSTEM_LOBS.LOB_ID RESTART WITH 283
COMMIT
DELETE FROM BLOCKS WHERE BLOCK_ADDR=281
INSERT INTO BLOCKS VALUES(281,1,0)
INSERT INTO BLOCKS VALUES(282,2147483365,0)
DELETE FROM BLOCKS WHERE BLOCK_ADDR=281
INSERT INTO LOBS VALUES(281,1,0,282)
COMMIT
/*C21*/SET SCHEMA PUBLIC
INSERT INTO DOMAIN_EVENT_ENTRY VALUES(11,'9a2c8a26-18b5-4b7d-8793-66223538b33a',281,282,NULL,'com.thoughtworks.domain.event.ItemAddedEvent','2017-01-18T09:54:17.933Z','d5ca6013-5c5d-4327-a225-12948ce61766',1,'Cart')
SET SCHEMA SYSTEM_LOBS
DELETE FROM LOB_IDS WHERE LOB_ID=281
INSERT INTO LOB_IDS VALUES(281,12,1,30)
DELETE FROM LOB_IDS WHERE LOB_ID=282
INSERT INTO LOB_IDS VALUES(282,188,1,30)
COMMIT
/*C1*/INSERT INTO LOB_IDS VALUES(283,12,0,30)
ALTER SEQUENCE SYSTEM_LOBS.LOB_ID RESTART WITH 284
COMMIT
DELETE FROM BLOCKS WHERE BLOCK_ADDR=282
INSERT INTO BLOCKS VALUES(282,1,0)
INSERT INTO BLOCKS VALUES(283,2147483364,0)
DELETE FROM BLOCKS WHERE BLOCK_ADDR=282
INSERT INTO LOBS VALUES(282,1,0,283)
COMMIT
INSERT INTO LOB_IDS VALUES(284,290,0,30)
ALTER SEQUENCE SYSTEM_LOBS.LOB_ID RESTART WITH 285
COMMIT
DELETE FROM BLOCKS WHERE BLOCK_ADDR=283
INSERT INTO BLOCKS VALUES(283,1,0)
INSERT INTO BLOCKS VALUES(284,2147483363,0)
DELETE FROM BLOCKS WHERE BLOCK_ADDR=283
INSERT INTO LOBS VALUES(283,1,0,284)
COMMIT
/*C21*/SET SCHEMA PUBLIC
INSERT INTO DOMAIN_EVENT_ENTRY VALUES(12,'9c2cc04d-13fd-44dc-a3ea-5df1152e7044',283,284,NULL,'com.thoughtworks.domain.event.CartCheckoutEvent','2017-01-18T09:54:43.847Z','d5ca6013-5c5d-4327-a225-12948ce61766',2,'Cart')
SET SCHEMA SYSTEM_LOBS
DELETE FROM LOB_IDS WHERE LOB_ID=283
INSERT INTO LOB_IDS VALUES(283,12,1,30)
DELETE FROM LOB_IDS WHERE LOB_ID=284
INSERT INTO LOB_IDS VALUES(284,290,1,30)
COMMIT
/*C1*/INSERT INTO LOB_IDS VALUES(285,12,0,30)
ALTER SEQUENCE SYSTEM_LOBS.LOB_ID RESTART WITH 286
COMMIT
DELETE FROM BLOCKS WHERE BLOCK_ADDR=284
INSERT INTO BLOCKS VALUES(284,1,0)
INSERT INTO BLOCKS VALUES(285,2147483362,0)
DELETE FROM BLOCKS WHERE BLOCK_ADDR=284
INSERT INTO LOBS VALUES(284,1,0,285)
COMMIT
INSERT INTO LOB_IDS VALUES(286,150,0,30)
ALTER SEQUENCE SYSTEM_LOBS.LOB_ID RESTART WITH 287
COMMIT
DELETE FROM BLOCKS WHERE BLOCK_ADDR=285
INSERT INTO BLOCKS VALUES(285,1,0)
INSERT INTO BLOCKS VALUES(286,2147483361,0)
DELETE FROM BLOCKS WHERE BLOCK_ADDR=285
INSERT INTO LOBS VALUES(285,1,0,286)
COMMIT
/*C21*/SET SCHEMA PUBLIC
INSERT INTO DOMAIN_EVENT_ENTRY VALUES(13,'7ee5cf89-6f6e-4f0c-a263-f5309cc4992f',285,286,NULL,'com.thoughtworks.domain.event.CartInitializedEvent','2017-01-18T10:44:00.771Z','f0f4437d-5083-40c4-9b50-97d0f38241ce',0,'Cart')
SET SCHEMA SYSTEM_LOBS
DELETE FROM LOB_IDS WHERE LOB_ID=285
INSERT INTO LOB_IDS VALUES(285,12,1,30)
DELETE FROM LOB_IDS WHERE LOB_ID=286
INSERT INTO LOB_IDS VALUES(286,150,1,30)
COMMIT
/*C1*/INSERT INTO LOB_IDS VALUES(287,12,0,30)
ALTER SEQUENCE SYSTEM_LOBS.LOB_ID RESTART WITH 288
COMMIT
DELETE FROM BLOCKS WHERE BLOCK_ADDR=286
INSERT INTO BLOCKS VALUES(286,1,0)
INSERT INTO BLOCKS VALUES(287,2147483360,0)
DELETE FROM BLOCKS WHERE BLOCK_ADDR=286
INSERT INTO LOBS VALUES(286,1,0,287)
COMMIT
INSERT INTO LOB_IDS VALUES(288,191,0,30)
ALTER SEQUENCE SYSTEM_LOBS.LOB_ID RESTART WITH 289
COMMIT
DELETE FROM BLOCKS WHERE BLOCK_ADDR=287
INSERT INTO BLOCKS VALUES(287,1,0)
INSERT INTO BLOCKS VALUES(288,2147483359,0)
DELETE FROM BLOCKS WHERE BLOCK_ADDR=287
INSERT INTO LOBS VALUES(287,1,0,288)
COMMIT
/*C21*/SET SCHEMA PUBLIC
INSERT INTO DOMAIN_EVENT_ENTRY VALUES(14,'bc28a5c4-2d21-476f-ba48-691e60030d19',287,288,NULL,'com.thoughtworks.domain.event.ItemAddedEvent','2017-01-18T10:44:17.963Z','f0f4437d-5083-40c4-9b50-97d0f38241ce',1,'Cart')
SET SCHEMA SYSTEM_LOBS
DELETE FROM LOB_IDS WHERE LOB_ID=287
INSERT INTO LOB_IDS VALUES(287,12,1,30)
DELETE FROM LOB_IDS WHERE LOB_ID=288
INSERT INTO LOB_IDS VALUES(288,191,1,30)
COMMIT
/*C1*/INSERT INTO LOB_IDS VALUES(289,12,0,30)
ALTER SEQUENCE SYSTEM_LOBS.LOB_ID RESTART WITH 290
COMMIT
DELETE FROM BLOCKS WHERE BLOCK_ADDR=288
INSERT INTO BLOCKS VALUES(288,1,0)
INSERT INTO BLOCKS VALUES(289,2147483358,0)
DELETE FROM BLOCKS WHERE BLOCK_ADDR=288
INSERT INTO LOBS VALUES(288,1,0,289)
COMMIT
INSERT INTO LOB_IDS VALUES(290,293,0,30)
ALTER SEQUENCE SYSTEM_LOBS.LOB_ID RESTART WITH 291
COMMIT
DELETE FROM BLOCKS WHERE BLOCK_ADDR=289
INSERT INTO BLOCKS VALUES(289,1,0)
INSERT INTO BLOCKS VALUES(290,2147483357,0)
DELETE FROM BLOCKS WHERE BLOCK_ADDR=289
INSERT INTO LOBS VALUES(289,1,0,290)
COMMIT
/*C21*/SET SCHEMA PUBLIC
INSERT INTO DOMAIN_EVENT_ENTRY VALUES(15,'cef235d9-95af-4d06-a5ba-b118e20c4066',289,290,NULL,'com.thoughtworks.domain.event.CartCheckoutEvent','2017-01-18T10:44:33.298Z','f0f4437d-5083-40c4-9b50-97d0f38241ce',2,'Cart')
SET SCHEMA SYSTEM_LOBS
DELETE FROM LOB_IDS WHERE LOB_ID=289
INSERT INTO LOB_IDS VALUES(289,12,1,30)
DELETE FROM LOB_IDS WHERE LOB_ID=290
INSERT INTO LOB_IDS VALUES(290,293,1,30)
COMMIT
SET SCHEMA PUBLIC
DISCONNECT
/*C20*/SET SCHEMA PUBLIC
DISCONNECT
/*C19*/SET SCHEMA PUBLIC
DISCONNECT
/*C18*/SET SCHEMA PUBLIC
DISCONNECT
/*C17*/SET SCHEMA PUBLIC
DISCONNECT
/*C16*/SET SCHEMA PUBLIC
DISCONNECT
/*C15*/SET SCHEMA PUBLIC
DISCONNECT
/*C14*/SET SCHEMA PUBLIC
DISCONNECT
/*C13*/SET SCHEMA PUBLIC
DISCONNECT
/*C12*/SET SCHEMA PUBLIC
DISCONNECT
